(0)
  systemd(1)
    systemd-journal(398)
  multipathd(433)
  systemd-udevd(439)
  wpa_supplicant(561)
  systemd-timesyn(593)
  systemd-network(663)
  systemd-resolve(665)
  avahi-daemon(675)
    avahi-daemon(706)
  dbus-daemon(676)
  irqbalance(682)
  networkd-dispat(686)
  systemd-logind(695)
  wpa_supplicant(696)
  cron(770)
  unattended-upgr(775)
  agetty(778)
  agetty(783)
  sshd(803)
    sshd(1199)
      sshd(1288)
        bash(1289)
      bash(4046)
      sftp-server(4058)
  systemd(1202)
    (sd-pam)(1203)
  polkitd(1685)
  snapd(5688)
  rsyslogd(18401)
  packagekitd(31416)
kthreadd(2)
  rcu_gp(3)
rcu_par_gp(4)
slub_flushwq(5)
netns(6)
kworker/0:0H-events_highpri(8)
mm_percpu_wq(10)
rcu_tasks_kthre(11)
rcu_tasks_rude_(12)
rcu_tasks_trace(13)
ksoftirqd/0(14)
rcu_preempt(15)
migration/0(16)
idle_inject/0(17)
cpuhp/0(19)
cpuhp/1(20)
idle_inject/1(21)
migration/1(22)
ksoftirqd/1(23)
kworker/1:0H-events_highpri(25)
cpuhp/2(26)
idle_inject/2(27)
migration/2(28)
ksoftirqd/2(29)
kworker/2:0H-events_highpri(31)
cpuhp/3(32)
idle_inject/3(33)
migration/3(34)
ksoftirqd/3(35)
kworker/3:0H-events_highpri(37)
kdevtmpfs(38)
inet_frag_wq(39)
kauditd(43)
khungtaskd(45)
oom_reaper(46)
writeback(47)
kcompactd0(48)
ksmd(49)
khugepaged(50)
kintegrityd(96)
kblockd(97)
blkcg_punt_bio(98)
tpm_dev_wq(99)
ata_sff(100)
md(101)
edac-poller(102)
devfreq_wq(103)
watchdogd(104)
kworker/0:1H-kblockd(107)
kswapd0(108)
ecryptfs-kthrea(109)
kthrotld(111)
irq/47-aerdrv(112)
nvme-wq(113)
nvme-reset-wq(114)
nvme-delete-wq(115)
vchiq-slot/0(121)
vchiq-recy/0(122)
vchiq-sync/0(123)
mld(124)
ipv6_addrconf(125)
kstrp(134)
zswap-shrink(137)
kworker/u9:0-brcmf_wq/mmc1:0001:1(138)
sdhci(144)
irq/33-mmc0(145)
charger_manager(146)
kworker/3:1H-kblockd(170)
spi0(191)
kworker/1:1H-kblockd(200)
kworker/2:1H-kblockd(207)
scsi_eh_0(220)
scsi_tmf_0(221)
usb-storage(222)
uas(223)
raid5wq(254)
jbd2/sda2-8(318)
ext4-rsv-conver(319)
kmpathd(431)
kmpath_handlerd(432)
vchiq-keep/0(498)
SMIO(499)
mmal-vchiq(512)
mmal-vchiq(513)
mmal-vchiq(522)
mmal-vchiq(523)
mmal-vchiq(524)
mmal-vchiq(525)
mmal-vchiq(526)
cfg80211(539)
brcmf_wq/mmc1:0(543)
brcmf_wdog/mmc1(544)
kworker/u9:1-brcmf_wq/mmc1:0001:1(557)
kworker/1:1-events(32435)
kworker/u8:1-events_unbound(32569)
kworker/u8:0-events_unbound(32583)
kworker/3:3-events(32584)
kworker/u8:3-events_power_efficient(32588)
kworker/0:0-events(32589)
kworker/3:0-events(32590)
kworker/1:2-mm_percpu_wq(32592)
kworker/0:1-events(32593)
kworker/2:2-events(32594)
kworker/3:2-events(32596)
kworker/2:0-events(32599)
kworker/3:1+events_freezable(32601)
kworker/1:0-mm_percpu_wq(32605)
kworker/0:2-events(32620)
kworker/2:1-mm_percpu_wq(32636)
DW(117)
tmux(1896)
tmux(1898)
  bash(1899)
bash(32086)
  01_pstree(32652)
